c:\users\felix\source\repos\iacob_sebastian_activitatesd2024\curs3\curs3\x64\debug\vc143.pdb
c:\users\felix\source\repos\iacob_sebastian_activitatesd2024\curs3\curs3\x64\debug\vc143.idb
c:\users\felix\source\repos\iacob_sebastian_activitatesd2024\curs3\curs3\x64\debug\_3.obj
c:\users\felix\source\repos\iacob_sebastian_activitatesd2024\curs3\curs3\x64\debug\source.obj
c:\users\felix\source\repos\iacob_sebastian_activitatesd2024\curs3\curs3\x64\debug\curs3.ilk
c:\users\felix\source\repos\iacob_sebastian_activitatesd2024\curs3\x64\debug\curs3.pdb
c:\users\felix\source\repos\iacob_sebastian_activitatesd2024\curs3\curs3\x64\debug\curs3.tlog\cl.command.1.tlog
c:\users\felix\source\repos\iacob_sebastian_activitatesd2024\curs3\curs3\x64\debug\curs3.tlog\cl.items.tlog
c:\users\felix\source\repos\iacob_sebastian_activitatesd2024\curs3\curs3\x64\debug\curs3.tlog\cl.read.1.tlog
c:\users\felix\source\repos\iacob_sebastian_activitatesd2024\curs3\curs3\x64\debug\curs3.tlog\cl.write.1.tlog
c:\users\felix\source\repos\iacob_sebastian_activitatesd2024\curs3\curs3\x64\debug\curs3.tlog\link.5460-cvtres.read.1.tlog
c:\users\felix\source\repos\iacob_sebastian_activitatesd2024\curs3\curs3\x64\debug\curs3.tlog\link.5460-cvtres.write.1.tlog
c:\users\felix\source\repos\iacob_sebastian_activitatesd2024\curs3\curs3\x64\debug\curs3.tlog\link.5460-rc.read.1.tlog
c:\users\felix\source\repos\iacob_sebastian_activitatesd2024\curs3\curs3\x64\debug\curs3.tlog\link.5460-rc.write.1.tlog
c:\users\felix\source\repos\iacob_sebastian_activitatesd2024\curs3\curs3\x64\debug\curs3.tlog\link.5460.read.1.tlog
c:\users\felix\source\repos\iacob_sebastian_activitatesd2024\curs3\curs3\x64\debug\curs3.tlog\link.5460.read.2.tlog
c:\users\felix\source\repos\iacob_sebastian_activitatesd2024\curs3\curs3\x64\debug\curs3.tlog\link.5460.write.1.tlog
c:\users\felix\source\repos\iacob_sebastian_activitatesd2024\curs3\curs3\x64\debug\curs3.tlog\link.command.1.tlog
c:\users\felix\source\repos\iacob_sebastian_activitatesd2024\curs3\curs3\x64\debug\curs3.tlog\link.read.1.tlog
c:\users\felix\source\repos\iacob_sebastian_activitatesd2024\curs3\curs3\x64\debug\curs3.tlog\link.secondary.1.tlog
c:\users\felix\source\repos\iacob_sebastian_activitatesd2024\curs3\curs3\x64\debug\curs3.tlog\link.write.1.tlog
